proguard/seeds.txt
com.here.g_widi.R$anim
com.here.g_widi.R$anim: int pulse
com.here.g_widi.R$array
com.here.g_widi.R$array: int audioEncoderArray
com.here.g_widi.R$array: int audioEncoderValues
com.here.g_widi.R$array: int videoBitrateArray
com.here.g_widi.R$array: int videoBitrateValues
com.here.g_widi.R$array: int videoEncoderArray
com.here.g_widi.R$array: int videoEncoderValues
com.here.g_widi.R$array: int videoFramerateArray
com.here.g_widi.R$array: int videoFramerateValues
com.here.g_widi.R$array: int videoResolutionArray
com.here.g_widi.R$attr
com.here.g_widi.R$drawable
com.here.g_widi.R$drawable: int background
com.here.g_widi.R$drawable: int check
com.here.g_widi.R$drawable: int icon
com.here.g_widi.R$drawable: int preview
com.here.g_widi.R$drawable: int quit
com.here.g_widi.R$drawable: int settings
com.here.g_widi.R$id
com.here.g_widi.R$id: int adcontainer
com.here.g_widi.R$id: int advice
com.here.g_widi.R$id: int bitrate
com.here.g_widi.R$id: int handset
com.here.g_widi.R$id: int handset_camera_view
com.here.g_widi.R$id: int handset_pager
com.here.g_widi.R$id: int imageView1
com.here.g_widi.R$id: int information
com.here.g_widi.R$id: int line1
com.here.g_widi.R$id: int line2
com.here.g_widi.R$id: int line2_description
com.here.g_widi.R$id: int main
com.here.g_widi.R$id: int options
com.here.g_widi.R$id: int pager_title_strip
com.here.g_widi.R$id: int preview
com.here.g_widi.R$id: int quit
com.here.g_widi.R$id: int streaming
com.here.g_widi.R$id: int tablet_camera_view
com.here.g_widi.R$id: int tablet_pager
com.here.g_widi.R$id: int textView1
com.here.g_widi.R$id: int tooltip
com.here.g_widi.R$id: int version
com.here.g_widi.R$layout
com.here.g_widi.R$layout: int about
com.here.g_widi.R$layout: int gwidi
com.here.g_widi.R$layout: int main
com.here.g_widi.R$layout: int preview
com.here.g_widi.R$layout: int tablet
com.here.g_widi.R$menu
com.here.g_widi.R$menu: int menu
com.here.g_widi.R$raw
com.here.g_widi.R$raw: int animals_cat
com.here.g_widi.R$raw: int animals_dog
com.here.g_widi.R$raw: int funny_fart
com.here.g_widi.R$raw: int funny_fart2
com.here.g_widi.R$raw: int funny_snoring
com.here.g_widi.R$raw: int scary_breath
com.here.g_widi.R$raw: int scary_evil_laughter
com.here.g_widi.R$raw: int scary_horror
com.here.g_widi.R$raw: int scary_insane_laughter
com.here.g_widi.R$raw: int scary_long_growl
com.here.g_widi.R$raw: int scary_thunder
com.here.g_widi.R$raw: int war_explosion
com.here.g_widi.R$raw: int war_gunshot
...
org.spongycastle.jcajce.provider.digest.SHA224$Digest
org.spongycastle.jcajce.provider.digest.SHA224$Digest: SHA224$Digest()
org.spongycastle.jcajce.provider.digest.SHA224$Digest: java.lang.Object clone()
org.spongycastle.jcajce.provider.digest.SHA224$HashMac
org.spongycastle.jcajce.provider.digest.SHA224$HashMac: SHA224$HashMac()
org.spongycastle.jcajce.provider.digest.SHA224$KeyGenerator
org.spongycastle.jcajce.provider.digest.SHA224$KeyGenerator: SHA224$KeyGenerator()
org.spongycastle.jcajce.provider.digest.SHA224$Mappings
org.spongycastle.jcajce.provider.digest.SHA224$Mappings: java.lang.String PREFIX
org.spongycastle.jcajce.provider.digest.SHA224$Mappings: SHA224$Mappings()
org.spongycastle.jcajce.provider.digest.SHA224$Mappings: void configure(org.spongycastle.jcajce.provider.config.ConfigurableProvider)
org.spongycastle.jcajce.provider.digest.SHA224$Mappings: void <clinit>()
org.spongycastle.jcajce.provider.digest.SHA256
org.spongycastle.jcajce.provider.digest.SHA256: SHA256()
org.spongycastle.jcajce.provider.digest.SHA256$Digest
org.spongycastle.jcajce.provider.digest.SHA256$Digest: SHA256$Digest()
org.spongycastle.jcajce.provider.digest.SHA256$Digest: java.lang.Object clone()
org.spongycastle.jcajce.provider.digest.SHA256$HashMac
org.spongycastle.jcajce.provider.digest.SHA256$HashMac: SHA256$HashMac()
org.spongycastle.jcajce.provider.digest.SHA256$KeyGenerator
org.spongycastle.jcajce.provider.digest.SHA256$KeyGenerator: SHA256$KeyGenerator()
org.spongycastle.jcajce.provider.digest.SHA256$Mappings
org.spongycastle.jcajce.provider.digest.SHA256$Mappings: java.lang.String PREFIX
org.spongycastle.jcajce.provider.digest.SHA256$Mappings: SHA256$Mappings()
org.spongycastle.jcajce.provider.digest.SHA256$Mappings: void configure(org.spongycastle.jcajce.provider.config.ConfigurableProvider)
org.spongycastle.jcajce.provider.digest.SHA256$Mappings: void <clinit>()
org.spongycastle.jcajce.provider.digest.SHA384
org.spongycastle.jcajce.provider.digest.SHA384: SHA384()
org.spongycastle.jcajce.provider.digest.SHA384$Digest
org.spongycastle.jcajce.provider.digest.SHA384$Digest: SHA384$Digest()
org.spongycastle.jcajce.provider.digest.SHA384$Digest: java.lang.Object clone()
org.spongycastle.jcajce.provider.digest.SHA384$HashMac
org.spongycastle.jcajce.provider.digest.SHA384$HashMac: SHA384$HashMac()
org.spongycastle.jcajce.provider.digest.SHA384$KeyGenerator
org.spongycastle.jcajce.provider.digest.SHA384$KeyGenerator: SHA384$KeyGenerator()
org.spongycastle.jcajce.provider.digest.SHA384$Mappings
org.spongycastle.jcajce.provider.digest.SHA384$Mappings: java.lang.String PREFIX
org.spongycastle.jcajce.provider.digest.SHA384$Mappings: SHA384$Mappings()
org.spongycastle.jcajce.provider.digest.SHA384$Mappings: void configure(org.spongycastle.jcajce.provider.config.ConfigurableProvider)
org.spongycastle.jcajce.provider.digest.SHA384$Mappings: void <clinit>()
org.spongycastle.jcajce.provider.digest.SHA512
org.spongycastle.jcajce.provider.digest.SHA512: SHA512()
org.spongycastle.jcajce.provider.digest.SHA512$Digest
org.spongycastle.jcajce.provider.digest.SHA512$Digest: SHA512$Digest()
org.spongycastle.jcajce.provider.digest.SHA512$Digest: java.lang.Object clone()
org.spongycastle.jcajce.provider.digest.SHA512$HashMac
org.spongycastle.jcajce.provider.digest.SHA512$HashMac: SHA512$HashMac()
org.spongycastle.jcajce.provider.digest.SHA512$KeyGenerator
org.spongycastle.jcajce.provider.digest.SHA512$KeyGenerator: SHA512$KeyGenerator()
org.spongycastle.jcajce.provider.digest.SHA512$Mappings
org.spongycastle.jcajce.provider.digest.SHA512$Mappings: java.lang.String PREFIX
org.spongycastle.jcajce.provider.digest.SHA512$Mappings: SHA512$Mappings()
org.spongycastle.jcajce.provider.digest.SHA512$Mappings: void configure(org.spongycastle.jcajce.provider.config.ConfigurableProvider)
org.spongycastle.jcajce.provider.digest.SHA512$Mappings: void <clinit>()