proguard/mapping.txt
com.here.g_widi.R -> com.here.g_widi.R:
com.here.g_widi.R$anim -> com.here.g_widi.R$anim:
    int pulse -> pulse
com.here.g_widi.R$array -> com.here.g_widi.R$array:
    int audioEncoderArray -> audioEncoderArray
    int audioEncoderValues -> audioEncoderValues
    int videoBitrateArray -> videoBitrateArray
    int videoBitrateValues -> videoBitrateValues
    int videoEncoderArray -> videoEncoderArray
    int videoEncoderValues -> videoEncoderValues
    int videoFramerateArray -> videoFramerateArray
    int videoFramerateValues -> videoFramerateValues
    int videoResolutionArray -> videoResolutionArray
com.here.g_widi.R$attr -> com.here.g_widi.R$attr:
com.here.g_widi.R$drawable -> com.here.g_widi.R$drawable:
    int background -> background
    int check -> check
    int icon -> icon
    int preview -> preview
    int quit -> quit
    int settings -> settings
com.here.g_widi.R$id -> com.here.g_widi.R$id:
    int adcontainer -> adcontainer
    int advice -> advice
    int bitrate -> bitrate
    int handset -> handset
    int handset_camera_view -> handset_camera_view
    int handset_pager -> handset_pager
    int imageView1 -> imageView1
    int information -> information
    int line1 -> line1
    int line2 -> line2
    int line2_description -> line2_description
    int main -> main
    int options -> options
    int pager_title_strip -> pager_title_strip
    int preview -> preview
    int quit -> quit
    int streaming -> streaming
    int tablet_camera_view -> tablet_camera_view
    int tablet_pager -> tablet_pager
    int textView1 -> textView1
    int tooltip -> tooltip
    int version -> version
com.here.g_widi.R$layout -> com.here.g_widi.R$layout:
    int about -> about
    int gwidi -> gwidi
    int main -> main
    int preview -> preview
    int tablet -> tablet
com.here.g_widi.R$menu -> com.here.g_widi.R$menu:
    int menu -> menu
com.here.g_widi.R$raw -> com.here.g_widi.R$raw:
    int animals_cat -> animals_cat
    int animals_dog -> animals_dog
    int funny_fart -> funny_fart
    int funny_fart2 -> funny_fart2
    int funny_snoring -> funny_snoring
    int scary_breath -> scary_breath
    int scary_evil_laughter -> scary_evil_laughter
    int scary_horror -> scary_horror
    int scary_insane_laughter -> scary_insane_laughter
    int scary_long_growl -> scary_long_growl
    int scary_thunder -> scary_thunder
    int war_explosion -> war_explosion
    int war_gunshot -> war_gunshot
com.here.g_widi.R$string -> com.here.g_widi.R$string:
    int about0 -> about0
    int about1 -> about1
    int about2 -> about2
    int about3 -> about3
    int about4 -> about4
    int about5 -> about5
    int app_name -> app_name
    int bind_failed -> bind_failed
    int bitrate -> bitrate
    int description -> description
    int line1 -> line1
    int line2 -> line2
    int notification_content -> notification_content
    int notification_title -> notification_title
    int options -> options
    int options_activity_title -> options_activity_title
    int page0 -> page0
    int page1 -> page1
    int page2 -> page2
    int port_used -> port_used
    int preview -> preview
    int quit -> quit
    int settings0 -> settings0
    int settings1 -> settings1
    int settings10 -> settings10
    int settings11 -> settings11
    int settings12 -> settings12
    int settings13 -> settings13
    int settings14 -> settings14
    int settings15 -> settings15
    int settings16 -> settings16
    int settings19 -> settings19
    int settings2 -> settings2
    int settings20 -> settings20
    int settings21 -> settings21
    int settings22 -> settings22
    int settings23 -> settings23
    int settings24 -> settings24
    int settings25 -> settings25
    int settings26 -> settings26
    int settings27 -> settings27
    int settings28 -> settings28
    int settings29 -> settings29
    int settings3 -> settings3
...
com.google.ads.AdRequest -> com.google.ads.d:
    java.text.SimpleDateFormat a -> b
    java.lang.reflect.Method b -> c
    java.lang.reflect.Method c -> d
    com.google.ads.AdRequest$Gender d -> e
    java.util.Date e -> f
    java.util.Set f -> g
    java.util.Map g -> h
    java.util.Map h -> i
    android.location.Location i -> j
    boolean j -> k
    boolean k -> l
    java.lang.String TEST_EMULATOR -> a
    java.util.Set l -> m
    com.google.ads.AdRequest setKeywords(java.util.Set) -> a
    com.google.ads.AdRequest setNetworkExtras(com.google.ads.mediation.NetworkExtras) -> a
    java.lang.Object getNetworkExtras(java.lang.Class) -> a
    java.util.Map getRequestMap(android.content.Context) -> a
    com.google.ads.AdRequest setTestDevices(java.util.Set) -> b
    boolean isTestDevice(android.content.Context) -> b
com.google.ads.AdRequest$ErrorCode -> com.google.ads.e:
    com.google.ads.AdRequest$ErrorCode INVALID_REQUEST -> a
    com.google.ads.AdRequest$ErrorCode NO_FILL -> b
    com.google.ads.AdRequest$ErrorCode NETWORK_ERROR -> c
    com.google.ads.AdRequest$ErrorCode INTERNAL_ERROR -> d
    java.lang.String a -> e
    com.google.ads.AdRequest$ErrorCode[] b -> f
    com.google.ads.AdRequest$ErrorCode[] values() -> values
    com.google.ads.AdRequest$ErrorCode valueOf(java.lang.String) -> valueOf
    java.lang.String toString() -> toString
com.google.ads.AdRequest$Gender -> com.google.ads.f:
    com.google.ads.AdRequest$Gender UNKNOWN -> a
    com.google.ads.AdRequest$Gender MALE -> b
    com.google.ads.AdRequest$Gender FEMALE -> c
    com.google.ads.AdRequest$Gender[] a -> d
    com.google.ads.AdRequest$Gender[] values() -> values
    com.google.ads.AdRequest$Gender valueOf(java.lang.String) -> valueOf
com.google.ads.AdSize -> com.google.ads.g:
    com.google.ads.AdSize SMART_BANNER -> a
    com.google.ads.AdSize BANNER -> b
    com.google.ads.AdSize IAB_MRECT -> c
    com.google.ads.AdSize IAB_BANNER -> d
    com.google.ads.AdSize IAB_LEADERBOARD -> e
    com.google.ads.AdSize IAB_WIDE_SKYSCRAPER -> f
    int a -> g
    int b -> h
    boolean c -> i
    boolean d -> j
    boolean e -> k
    java.lang.String f -> l
    com.google.ads.AdSize createAdSize(com.google.ads.AdSize,android.content.Context) -> a
    boolean equals(java.lang.Object) -> equals
    int hashCode() -> hashCode
    int getWidth() -> a
    int getHeight() -> b
    boolean a() -> f
    boolean isFullWidth() -> c
    boolean isAutoHeight() -> d
    boolean isCustomAdSize() -> e
    java.lang.String toString() -> toString
    int a(android.content.Context) -> a
    int b(android.content.Context) -> b