proguard/usage.txt
com.here.g_widi.BuildConfig
com.here.g_widi.R:
    10:10:public R()
...
org.spongycastle.asn1.cryptopro.ECGOST3410NamedCurves:
    16:16:public ECGOST3410NamedCurves()
    139:139:public static java.util.Enumeration getNames()
org.spongycastle.asn1.cryptopro.ECGOST3410ParamSetParameters
org.spongycastle.asn1.cryptopro.GOST28147Parameters
org.spongycastle.asn1.cryptopro.GOST3410NamedParameters:
    12:12:public GOST3410NamedParameters()
    96:96:public static java.util.Enumeration getNames()
    102:109:public static org.spongycastle.asn1.cryptopro.GOST3410ParamSetParameters getByName(java.lang.String)
org.spongycastle.asn1.cryptopro.GOST3410ParamSetParameters:
    24:24:public static org.spongycastle.asn1.cryptopro.GOST3410ParamSetParameters getInstance(org.spongycastle.asn1.ASN1TaggedObject,boolean)
    30:40:public static org.spongycastle.asn1.cryptopro.GOST3410ParamSetParameters getInstance(java.lang.Object)
    57:64:public GOST3410ParamSetParameters(org.spongycastle.asn1.ASN1Sequence)
    71:71:public int getLKeySize()
    76:76:public int getKeySize()
org.spongycastle.asn1.cryptopro.GOST3410PublicKeyAlgParameters:
    22:22:public static org.spongycastle.asn1.cryptopro.GOST3410PublicKeyAlgParameters getInstance(org.spongycastle.asn1.ASN1TaggedObject,boolean)
    28:38:public static org.spongycastle.asn1.cryptopro.GOST3410PublicKeyAlgParameters getInstance(java.lang.Object)
org.spongycastle.asn1.eac.BidirectionalMap
org.spongycastle.asn1.eac.CVCertificate
org.spongycastle.asn1.eac.CVCertificateRequest
org.spongycastle.asn1.eac.CertificateBody
org.spongycastle.asn1.eac.CertificateHolderAuthorization
org.spongycastle.asn1.eac.CertificateHolderReference
org.spongycastle.asn1.eac.CertificationAuthorityReference
org.spongycastle.asn1.eac.EACTags
org.spongycastle.asn1.eac.ECDSAPublicKey
org.spongycastle.asn1.eac.Flags
org.spongycastle.asn1.eac.Flags$StringJoiner
org.spongycastle.asn1.eac.PackedDate
org.spongycastle.asn1.eac.PublicKeyDataObject
org.spongycastle.asn1.eac.RSAPublicKey
org.spongycastle.asn1.eac.UnsignedInteger
org.spongycastle.asn1.esf.CommitmentTypeIdentifier
org.spongycastle.asn1.esf.CommitmentTypeIndication
org.spongycastle.asn1.esf.CommitmentTypeQualifier
org.spongycastle.asn1.esf.CompleteRevocationRefs
org.spongycastle.asn1.esf.CrlIdentifier
org.spongycastle.asn1.esf.CrlListID
org.spongycastle.asn1.esf.CrlOcspRef
org.spongycastle.asn1.esf.CrlValidatedID
org.spongycastle.asn1.esf.ESFAttributes
org.spongycastle.asn1.esf.OcspIdentifier
org.spongycastle.asn1.esf.OcspListID
org.spongycastle.asn1.esf.OcspResponsesID
org.spongycastle.asn1.esf.OtherHash
org.spongycastle.asn1.esf.OtherHashAlgAndValue
org.spongycastle.asn1.esf.OtherRevRefs
org.spongycastle.asn1.esf.OtherRevVals
org.spongycastle.asn1.esf.RevocationValues
org.spongycastle.asn1.esf.SPUserNotice
org.spongycastle.asn1.esf.SPuri
org.spongycastle.asn1.esf.SigPolicyQualifierInfo
org.spongycastle.asn1.esf.SigPolicyQualifiers
org.spongycastle.asn1.esf.SignaturePolicyId
org.spongycastle.asn1.esf.SignaturePolicyIdentifier
org.spongycastle.asn1.esf.SignerAttribute
org.spongycastle.asn1.esf.SignerLocation
org.spongycastle.asn1.ess.ContentHints
org.spongycastle.asn1.ess.ContentIdentifier
org.spongycastle.asn1.ess.ESSCertID
org.spongycastle.asn1.ess.ESSCertIDv2
org.spongycastle.asn1.ess.OtherCertID
org.spongycastle.asn1.ess.OtherSigningCertificate
org.spongycastle.asn1.ess.SigningCertificate
org.spongycastle.asn1.ess.SigningCertificateV2
org.spongycastle.asn1.gnu.GNUObjectIdentifiers
org.spongycastle.asn1.icao.CscaMasterList
org.spongycastle.asn1.icao.DataGroupHash
org.spongycastle.asn1.icao.ICAOObjectIdentifiers
org.spongycastle.asn1.icao.LDSSecurityObject
org.spongycastle.asn1.icao.LDSVersionInfo
org.spongycastle.asn1.isismtt.ISISMTTObjectIdentifiers
org.spongycastle.asn1.isismtt.ocsp.CertHash
org.spongycastle.asn1.isismtt.ocsp.RequestedCertificate
org.spongycastle.asn1.isismtt.x509.AdditionalInformationSyntax
org.spongycastle.asn1.isismtt.x509.AdmissionSyntax